make all --print-data-base --no-builtin-variables --no-builtin-rules --question
# GNU Make 4.3
# Built for arm-unknown-linux-gnueabihf
# Copyright (C) 1988-2020 Free Software Foundation, Inc.
# License GPLv3+: GNU GPL version 3 or later <http://gnu.org/licenses/gpl.html>
# This is free software: you are free to change and redistribute it.
# There is NO WARRANTY, to the extent permitted by law.

# Make data base, printed on Sun May 22 21:24:16 2022

# Variables

# environment
LC_ALL = C
# environment
NO_AT_BRIDGE = 1
# environment
VSCODE_CWD = /home/tester
# environment
TEXTDOMAIN = Linux-PAM
# makefile (from 'makefile', line 8)
IPATH = -Iinclude
# default
MAKE_COMMAND := make
# environment
VSCODE_HANDLES_SIGPIPE = true
# automatic
@D = $(patsubst %/,%,$(dir $@))
# makefile (from 'makefile', line 5)
CFLAGSD = -g $(CFLAGSR)
# environment
VSCODE_HANDLES_UNCAUGHT_ERRORS = true
# default
.VARIABLES := 
# environment
PWD = /home/tester/ArticUtils-1
# automatic
%D = $(patsubst %/,%,$(dir $%))
# environment
OLDPWD = /home/tester/.vscode-server/bin/c3511e6c69bb39013c4a4b7b9566ec1ca73fc4d5
# automatic
^D = $(patsubst %/,%,$(dir $^))
# environment
VSCODE_LOG_STACK = false
# automatic
%F = $(notdir $%)
# environment
LANG = C
# default
.LOADED := 
# default
.INCLUDE_DIRS = /usr/local/include /usr/include /usr/include
# makefile
MAKEFLAGS = pqrR
# makefile
CURDIR := /home/tester/ArticUtils-1
# environment
VSCODE_PIPE_LOGGING = true
# environment
APPLICATION_INSIGHTS_NO_DIAGNOSTIC_CHANNEL = true
# automatic
*D = $(patsubst %/,%,$(dir $*))
# environment
MFLAGS = -pqrR
# default
.SHELLFLAGS := -c
# automatic
+D = $(patsubst %/,%,$(dir $+))
# makefile (from 'makefile', line 1)
MAKEFILE_LIST := makefile
# automatic
@F = $(notdir $@)
# environment
VSCODE_VERBOSE_LOGGING = true
# environment
XDG_SESSION_TYPE = tty
# automatic
?D = $(patsubst %/,%,$(dir $?))
# automatic
*F = $(notdir $*)
# automatic
<D = $(patsubst %/,%,$(dir $<))
# environment
VSCODE_NLS_CONFIG = {"locale":"en","availableLanguages":{}}
# default
MAKE_HOST := arm-unknown-linux-gnueabihf
# makefile
SHELL = /bin/sh
# default
MAKECMDGOALS := all
# environment
SHLVL = 0
# environment
GCC_COLORS = error=01;31:warning=01;35:note=01;36:caret=01;32:locus=01:quote=01
# environment
MAKELEVEL := 0
# default
MAKE = $(MAKE_COMMAND)
# environment
PATH = /home/tester/.vscode-server/bin/c3511e6c69bb39013c4a4b7b9566ec1ca73fc4d5/bin/remote-cli:/usr/local/sbin:/usr/local/bin:/usr/sbin:/usr/bin:/sbin:/bin:/usr/local/games:/usr/games:/home/tester/.bin:/home/tester/.script
# default
MAKEFILES := 
# environment
MOTD_SHOWN = pam
# automatic
^F = $(notdir $^)
# makefile (from 'makefile', line 4)
CFLAGSR = -Wall
# environment
SSH_CLIENT = 192.168.11.122 64107 22
# environment
VSCODE_LOG_NATIVE = false
# automatic
?F = $(notdir $?)
# environment
LS_COLORS = 
# automatic
+F = $(notdir $+)
# 'override' directive
GNUMAKEFLAGS := 
# environment
BROWSER = /home/tester/.vscode-server/bin/c3511e6c69bb39013c4a4b7b9566ec1ca73fc4d5/bin/helpers/browser.sh
# environment
LOGNAME = tester
# makefile (from 'makefile', line 7)
OFLAGSD = -c $(CFLAGSD)
# makefile (from 'makefile', line 6)
OFLAGSR = -c $(CFLAGSR)
# makefile
.DEFAULT_GOAL := all
# environment
USER = tester
# default
MAKE_VERSION := 4.3
# environment
VSCODE_EXTHOST_WILL_SEND_SOCKET = true
# environment
PYTHONPATH = :/home/artic/.lib/python
# environment
VSCODE_AGENT_FOLDER = /home/tester/.vscode-server
# environment
_ = /home/tester/.vscode-server/bin/c3511e6c69bb39013c4a4b7b9566ec1ca73fc4d5/node
# environment
XDG_RUNTIME_DIR = /run/user/1002
# environment
VSCODE_IPC_HOOK_CLI = /run/user/1002/vscode-ipc-8038918a-93e7-4ee2-800c-c9323f93ae09.sock
# environment
XDG_SESSION_CLASS = user
# environment
VSCODE_AMD_ENTRYPOINT = vs/workbench/api/node/extensionHostProcess
# environment
HOME = /home/tester
# environment
XDG_SESSION_ID = 770
# default
.RECIPEPREFIX := 
# automatic
<F = $(notdir $<)
# default
SUFFIXES := 
# default
.FEATURES := target-specific order-only second-expansion else-if shortest-stem undefine oneshell nocomment grouped-target extra-prereqs archives jobserver output-sync check-symlink load
# makefile (from 'makefile', line 3)
CC = gcc
# environment
SSH_CONNECTION = 192.168.11.122 64107 192.168.11.175 22
# variable set hash-table stats:
# Load=77/1024=8%, Rehash=0, Collisions=2/114=2%

# Pattern-specific Variable Values

# No pattern-specific variable values.

# Directories

# src/thoth (device 45826, inode 787322): 4 files, no impossibilities.
# . (device 45826, inode 139530): 13 files, no impossibilities.

# 17 files, no impossibilities in 2 directories.

# Implicit Rules

# No implicit rules.

# Files

# Not a target:
src/Artic42/IntegerFunctions.c:
#  Implicit rule search has not been done.
#  Modification time never checked.
#  File has not been updated.

# Not a target:
src/pythonLib/readExcel.py:
#  Implicit rule search has not been done.
#  Modification time never checked.
#  File has not been updated.

lib/c-cpp/hermes_D.lib: src/hermes/hermes.c
#  Implicit rule search has not been done.
#  Modification time never checked.
#  File has not been updated.
#  recipe to execute (from 'makefile', line 75):
	@$(CC) $(OFLAGSD) $(IPATH) src/hermes/hermes.c -o lib/c-cpp/hermes_D.lib

# Not a target:
lib/python/thoth.py:
#  Implicit rule search has not been done.
#  Modification time never checked.
#  File has not been updated.

bin/fileManipulation_D.o: src/Artic42/fileManipulation.c
#  Implicit rule search has not been done.
#  Modification time never checked.
#  File has not been updated.
#  recipe to execute (from 'makefile', line 42):
	@$(CC) $(OFLAGSD) $(IPATH) src/Artic42/fileManipulation.c -o bin/fileManipulation_D.o

bin/IntegerFunctions_D.o: src/Artic42/IntegerFunctions.c
#  Implicit rule search has not been done.
#  Modification time never checked.
#  File has not been updated.
#  recipe to execute (from 'makefile', line 39):
	@$(CC) $(OFLAGSD) $(IPATH) src/Artic42/IntegerFunctions.c -o bin/IntegerFunctions_D.o

# Not a target:
src/Artic42/CharacterFunctions.c:
#  Implicit rule search has been done.
#  Last modified 2022-05-22 19:57:12.177274878
#  File has been updated.
#  Successfully updated.

lib/c-cpp/thotho_D.lib: src/thoth/thoth.c src/thoth/thoth.h
#  Implicit rule search has not been done.
#  Modification time never checked.
#  File has not been updated.
#  recipe to execute (from 'makefile', line 106):
	@${CC} ${OFLAGSD} ${IPATH} src/thotho/thoth.c -o lib/c-cpp/thoth.lib

Artic42_D: lib/c-cpp/Artic42_D.lib
#  Implicit rule search has not been done.
#  Modification time never checked.
#  File has not been updated.

hermes: hermes_D hermes_R hermes_py
#  Implicit rule search has not been done.
#  Modification time never checked.
#  File has not been updated.
#  recipe to execute (from 'makefile', line 67):
	@cp src/hermes/hermes.h include/hermes.h

hermesTest: src/hermes/bin/hermesTest.app
#  Implicit rule search has not been done.
#  Modification time never checked.
#  File has not been updated.

# Not a target:
src/pythonLib/modifyFile.py:
#  Implicit rule search has not been done.
#  Modification time never checked.
#  File has not been updated.

lib/python/hermes.py: src/hermes/hermes.py
#  Implicit rule search has not been done.
#  Modification time never checked.
#  File has not been updated.
#  recipe to execute (from 'makefile', line 83):
	@cp src/hermes/hermes.py lib/python/hermes.py

hermes_py: lib/python/hermes.py
#  Implicit rule search has not been done.
#  Modification time never checked.
#  File has not been updated.

bin/CharacterFunctions.o: src/Artic42/CharacterFunctions.c
#  Implicit rule search has not been done.
#  Implicit/static pattern stem: ''
#  File does not exist.
#  File has been updated.
#  Needs to be updated (-q is set).
# automatic
# @ := bin/CharacterFunctions.o
# automatic
# * := 
# automatic
# < := src/Artic42/CharacterFunctions.c
# automatic
# + := src/Artic42/CharacterFunctions.c
# automatic
# % := 
# automatic
# ^ := src/Artic42/CharacterFunctions.c
# automatic
# ? := src/Artic42/CharacterFunctions.c
# automatic
# | := 
# variable set hash-table stats:
# Load=8/32=25%, Rehash=0, Collisions=4/15=27%
#  recipe to execute (from 'makefile', line 23):
	@$(CC) $(OFLAGSR) $(IPATH) src/Artic42/CharacterFunctions.c -o bin/CharacterFunctions.o

# Not a target:
src/herald/herald.py:
#  Implicit rule search has not been done.
#  Modification time never checked.
#  File has not been updated.

bin/fileManipulation.o: src/Artic42/fileManipulation.c
#  Implicit rule search has not been done.
#  Modification time never checked.
#  File has not been updated.
#  recipe to execute (from 'makefile', line 29):
	@$(CC) $(OFLAGSR) $(IPATH) src/Artic42/fileManipulation.c -o bin/fileManipulation.o

clean:
#  Implicit rule search has not been done.
#  Modification time never checked.
#  File has not been updated.
#  recipe to execute (from 'makefile', line 117):
	@rm -f bin/*.app
	@rm -f lib/c-cpp/*.lib
	@rm -f lib/python/*.py

Artic42: Artic42_R Artic42_D
#  Implicit rule search has not been done.
#  File does not exist.
#  File has been updated.
#  Needs to be updated (-q is set).
# variable set hash-table stats:
# Load=0/32=0%, Rehash=0, Collisions=0/7=0%
#  recipe to execute (from 'makefile', line 20):
	@cp src/Artic42/Artic42.h include/Artic42.h

lib/c-cpp/hermes.lib: src/hermes/hermes.c
#  Implicit rule search has not been done.
#  Modification time never checked.
#  File has not been updated.
#  recipe to execute (from 'makefile', line 72):
	@$(CC) $(OFLAGSR) $(IPATH) src/hermes/hermes.c -o lib/c-cpp/hermes.lib

bin/sendEmail.app: src/herald/sendEmail.py
#  Implicit rule search has not been done.
#  Modification time never checked.
#  File has not been updated.
#  recipe to execute (from 'makefile', line 56):
	@cat pythonInterpreter src/herald/sendEmail.py > bin/sendEmail.app

hermes_D: lib/c-cpp/hermes_D.lib
#  Implicit rule search has not been done.
#  Modification time never checked.
#  File has not been updated.

lib/python/modifyFile.py: src/pythonLib/modifyFile.py
#  Implicit rule search has not been done.
#  Modification time never checked.
#  File has not been updated.
#  recipe to execute (from 'makefile', line 89):
	@cp src/pythonLib/modifyFile.py lib/python/modifyFile.py

herald: lib/python/sendEmail.py bin/sendEmail.app bin/herald.app
#  Implicit rule search has not been done.
#  Modification time never checked.
#  File has not been updated.

# Not a target:
src/hermes/hermes.c:
#  Implicit rule search has not been done.
#  Modification time never checked.
#  File has not been updated.

# Not a target:
src/Artic42/fileManipulation.c:
#  Implicit rule search has not been done.
#  Modification time never checked.
#  File has not been updated.

# Not a target:
.DEFAULT:
#  Implicit rule search has not been done.
#  Modification time never checked.
#  File has not been updated.

thoth_D: lib/c-cpp/thoth_D.lib
#  Implicit rule search has not been done.
#  Modification time never checked.
#  File has not been updated.

all: Artic42 hermes herald pythonLib
#  Command line target.
#  Implicit rule search has been done.
#  File does not exist.
#  File has been updated.
#  Needs to be updated (-q is set).
# variable set hash-table stats:
# Load=0/32=0%, Rehash=0, Collisions=0/7=0%

# Not a target:
src/hermes/hermes.py:
#  Implicit rule search has not been done.
#  Modification time never checked.
#  File has not been updated.

Artic42_R: lib/c-cpp/Artic42.lib
#  Implicit rule search has been done.
#  File does not exist.
#  File has been updated.
#  Needs to be updated (-q is set).
# variable set hash-table stats:
# Load=0/32=0%, Rehash=0, Collisions=0/7=0%

# Not a target:
src/hermes/test.c:
#  Implicit rule search has not been done.
#  Modification time never checked.
#  File has not been updated.

lib/c-cpp/thoth.lib: src/thoth/thoth.c src/thoth/thoth.h
#  Implicit rule search has not been done.
#  Modification time never checked.
#  File has not been updated.
#  recipe to execute (from 'makefile', line 103):
	@${CC} ${OFLAGSR} ${IPATH} src/thotho/thoth.c -o lib/c-cpp/thoth.lib

lib/python/sendEmail.py: src/herald/sendEmail.py
#  Implicit rule search has not been done.
#  Modification time never checked.
#  File has not been updated.
#  recipe to execute (from 'makefile', line 53):
	@cp -f src/herald/sendEmail.py lib/python/sendEmail.py

src/hermes/bin/hermesTest.app: lib/c-cpp/hermes_D.lib src/hermes/test.c
#  Implicit rule search has not been done.
#  Modification time never checked.
#  File has not been updated.
#  recipe to execute (from 'makefile', line 78):
	@$(CC) $(CFLAGSD) $(IPATH) lib/c-cpp/hermes_D.lib src/hermes/test.c -o src/hermes/hermesTest.app
	@./src/hermes/hermesTest.app
	@rm -f src/hermes/hermesTest.app

# Not a target:
lib/c-cpp/thoth_D.lib:
#  Implicit rule search has not been done.
#  Modification time never checked.
#  File has not been updated.

lib/c-cpp/Artic42_D.lib: bin/CharacterFunctions_D.o bin/IntegerFunctions_D.o bin/fileManipulation_D.o
#  Implicit rule search has not been done.
#  Modification time never checked.
#  File has not been updated.
#  recipe to execute (from 'makefile', line 45):
	@ar cr lib/c-cpp/Artic42_D.lib bin/CharacterFunctions_D.o bin/IntegerFunctions_D.o bin/fileManipulation_D.o
	@rm -f bin/CharacterFunctions_D.o bin/IntegerFunctions_D.o bin/fileManipulation_D.o

thoth: thoth_D thoth_py thoth_R
#  Implicit rule search has not been done.
#  Modification time never checked.
#  File has not been updated.
#  recipe to execute (from 'makefile', line 100):
	@cp src/thoth/thoth.h include/thoth.h

bin/herald.app: src/herald/herald.py
#  Implicit rule search has not been done.
#  Modification time never checked.
#  File has not been updated.
#  recipe to execute (from 'makefile', line 59):
	@cat pythonInterpreter src/herald/herald.py > bin/herald.app

bin/IntegerFunctions.o: src/Artic42/IntegerFunctions.c
#  Implicit rule search has not been done.
#  Modification time never checked.
#  File has not been updated.
#  recipe to execute (from 'makefile', line 26):
	@$(CC) $(OFLAGSR) $(IPATH) src/Artic42/IntegerFunctions.c -o bin/IntegerFunctions.o

thoth_py: lib/python/thoth.py
#  Implicit rule search has not been done.
#  Modification time never checked.
#  File has not been updated.

hermes_R: lib/c-cpp/hermes.lib
#  Implicit rule search has not been done.
#  Modification time never checked.
#  File has not been updated.

# Not a target:
makefile:
#  Implicit rule search has been done.
#  Last modified 2022-05-22 19:57:12.177274878
#  File has been updated.
#  Successfully updated.

install: all
#  Implicit rule search has not been done.
#  Modification time never checked.
#  File has not been updated.
#  recipe to execute (from 'makefile', line 111):
	@mkdir -p ~/.bin/ ~/.include ~/.lib/
	@cp -rf bin/* ~/.bin/
	@cp -rf include/* ~/.include/
	@cp -rf lib/* ~/.lib/

# Not a target:
src/thoth/thoth.c:
#  Implicit rule search has not been done.
#  Modification time never checked.
#  File has not been updated.

pythonLib: lib/python/modifyFile.py lib/python/readExcel.py
#  Implicit rule search has not been done.
#  Modification time never checked.
#  File has not been updated.

lib/c-cpp/Artic42.lib: bin/CharacterFunctions.o bin/IntegerFunctions.o bin/fileManipulation.o
#  Implicit rule search has not been done.
#  File does not exist.
#  File has been updated.
#  Needs to be updated (-q is set).
# variable set hash-table stats:
# Load=0/32=0%, Rehash=0, Collisions=0/7=0%
#  recipe to execute (from 'makefile', line 32):
	@ar cr lib/c-cpp/Artic42.lib bin/CharacterFunctions.o bin/IntegerFunctions.o bin/fileManipulation.o
	@rm -f bin/CharacterFunctions.o bin/IntegerFunctions.o bin/fileManipulation.o

bin/CharacterFunctions_D.o: src/Artic42/CharacterFunctions.c
#  Implicit rule search has not been done.
#  Modification time never checked.
#  File has not been updated.
#  recipe to execute (from 'makefile', line 36):
	@$(CC) $(OFLAGSD) $(IPATH) src/Artic42/CharacterFunctions.c -o bin/CharacterFunctions_D.o

# Not a target:
.SUFFIXES:
#  Implicit rule search has not been done.
#  Modification time never checked.
#  File has not been updated.

lib/python/readExcel.py: src/pythonLib/readExcel.py
#  Implicit rule search has not been done.
#  Modification time never checked.
#  File has not been updated.
#  recipe to execute (from 'makefile', line 92):
	@cp src/pythonLib/readExcel.py lib/python/readExcel.py

# Not a target:
src/thoth/thoth.h:
#  Implicit rule search has not been done.
#  Modification time never checked.
#  File has not been updated.

# Not a target:
src/herald/sendEmail.py:
#  Implicit rule search has not been done.
#  Modification time never checked.
#  File has not been updated.

thoth_R: lib/c-cpp/thoth.lib
#  Implicit rule search has not been done.
#  Modification time never checked.
#  File has not been updated.

# files hash-table stats:
# Load=53/1024=5%, Rehash=0, Collisions=4/134=3%
# VPATH Search Paths

# No 'vpath' search paths.

# No general ('VPATH' variable) search path.

# strcache buffers: 1 (0) / strings = 70 / storage = 1074 B / avg = 15 B
# current buf: size = 8174 B / used = 1074 B / count = 70 / avg = 15 B

# strcache performance: lookups = 153 / hit rate = 54%
# hash-table stats:
# Load=70/8192=1%, Rehash=0, Collisions=3/153=2%
# Finished Make data base on Sun May 22 21:24:16 2022

 
